[0.010s] Invoking command in '/home/raz/projects/ros2_robotics_simulation/ros2_ws/src/build/my_robot_bringup': CMAKE_PREFIX_PATH=${CMAKE_PREFIX_PATH}:/opt/ros/humble /usr/bin/cmake /home/raz/projects/ros2_robotics_simulation/ros2_ws/src/my_robot_bringup -DAMENT_CMAKE_SYMLINK_INSTALL=1 -DCMAKE_INSTALL_PREFIX=/home/raz/projects/ros2_robotics_simulation/ros2_ws/src/install/my_robot_bringup
[2.057s] -- The C compiler identification is GNU 11.4.0
[2.912s] -- The CXX compiler identification is GNU 11.4.0
[2.952s] -- Detecting C compiler ABI info
[3.232s] -- Detecting C compiler ABI info - done
[3.241s] -- Check for working C compiler: /usr/bin/cc - skipped
[3.241s] -- Detecting C compile features
[3.267s] -- Detecting C compile features - done
[3.282s] -- Detecting CXX compiler ABI info
[3.509s] -- Detecting CXX compiler ABI info - done
[3.520s] -- Check for working CXX compiler: /usr/bin/c++ - skipped
[3.521s] -- Detecting CXX compile features
[3.521s] -- Detecting CXX compile features - done
[3.591s] -- Found ament_cmake: 1.3.10 (/opt/ros/humble/share/ament_cmake/cmake)
[3.889s] -- Found Python3: /usr/bin/python3 (found version "3.10.12") found components: Interpreter 
[3.936s] -- Override CMake install command with custom implementation using symlinks instead of copying resources
[4.066s] -- Configuring done
[4.068s] -- Generating done
[4.069s] -- Build files have been written to: /home/raz/projects/ros2_robotics_simulation/ros2_ws/src/build/my_robot_bringup
[4.072s] Invoked command in '/home/raz/projects/ros2_robotics_simulation/ros2_ws/src/build/my_robot_bringup' returned '0': CMAKE_PREFIX_PATH=${CMAKE_PREFIX_PATH}:/opt/ros/humble /usr/bin/cmake /home/raz/projects/ros2_robotics_simulation/ros2_ws/src/my_robot_bringup -DAMENT_CMAKE_SYMLINK_INSTALL=1 -DCMAKE_INSTALL_PREFIX=/home/raz/projects/ros2_robotics_simulation/ros2_ws/src/install/my_robot_bringup
[4.074s] Invoking command in '/home/raz/projects/ros2_robotics_simulation/ros2_ws/src/build/my_robot_bringup': CMAKE_PREFIX_PATH=${CMAKE_PREFIX_PATH}:/opt/ros/humble /usr/bin/cmake --build /home/raz/projects/ros2_robotics_simulation/ros2_ws/src/build/my_robot_bringup -- -j12 -l12
[4.098s] Invoked command in '/home/raz/projects/ros2_robotics_simulation/ros2_ws/src/build/my_robot_bringup' returned '0': CMAKE_PREFIX_PATH=${CMAKE_PREFIX_PATH}:/opt/ros/humble /usr/bin/cmake --build /home/raz/projects/ros2_robotics_simulation/ros2_ws/src/build/my_robot_bringup -- -j12 -l12
[4.117s] Invoking command in '/home/raz/projects/ros2_robotics_simulation/ros2_ws/src/build/my_robot_bringup': CMAKE_PREFIX_PATH=${CMAKE_PREFIX_PATH}:/opt/ros/humble /usr/bin/cmake --install /home/raz/projects/ros2_robotics_simulation/ros2_ws/src/build/my_robot_bringup
[4.122s] -- Install configuration: ""
[4.123s] -- Execute custom install script
[4.123s] -- Symlinking: /home/raz/projects/ros2_robotics_simulation/ros2_ws/src/install/my_robot_bringup/share/my_robot_bringup//launch/my_robot_gazebo.launch.xml
[4.129s] -- Symlinking: /home/raz/projects/ros2_robotics_simulation/ros2_ws/src/install/my_robot_bringup/share/ament_index/resource_index/package_run_dependencies/my_robot_bringup
[4.135s] -- Symlinking: /home/raz/projects/ros2_robotics_simulation/ros2_ws/src/install/my_robot_bringup/share/ament_index/resource_index/parent_prefix_path/my_robot_bringup
[4.141s] -- Symlinking: /home/raz/projects/ros2_robotics_simulation/ros2_ws/src/install/my_robot_bringup/share/my_robot_bringup/environment/ament_prefix_path.sh
[4.147s] -- Symlinking: /home/raz/projects/ros2_robotics_simulation/ros2_ws/src/install/my_robot_bringup/share/my_robot_bringup/environment/ament_prefix_path.dsv
[4.152s] -- Symlinking: /home/raz/projects/ros2_robotics_simulation/ros2_ws/src/install/my_robot_bringup/share/my_robot_bringup/environment/path.sh
[4.159s] -- Symlinking: /home/raz/projects/ros2_robotics_simulation/ros2_ws/src/install/my_robot_bringup/share/my_robot_bringup/environment/path.dsv
[4.165s] -- Symlinking: /home/raz/projects/ros2_robotics_simulation/ros2_ws/src/install/my_robot_bringup/share/my_robot_bringup/local_setup.bash
[4.171s] -- Symlinking: /home/raz/projects/ros2_robotics_simulation/ros2_ws/src/install/my_robot_bringup/share/my_robot_bringup/local_setup.sh
[4.177s] -- Symlinking: /home/raz/projects/ros2_robotics_simulation/ros2_ws/src/install/my_robot_bringup/share/my_robot_bringup/local_setup.zsh
[4.183s] -- Symlinking: /home/raz/projects/ros2_robotics_simulation/ros2_ws/src/install/my_robot_bringup/share/my_robot_bringup/local_setup.dsv
[4.189s] -- Symlinking: /home/raz/projects/ros2_robotics_simulation/ros2_ws/src/install/my_robot_bringup/share/my_robot_bringup/package.dsv
[4.195s] -- Symlinking: /home/raz/projects/ros2_robotics_simulation/ros2_ws/src/install/my_robot_bringup/share/ament_index/resource_index/packages/my_robot_bringup
[4.201s] -- Symlinking: /home/raz/projects/ros2_robotics_simulation/ros2_ws/src/install/my_robot_bringup/share/my_robot_bringup/cmake/my_robot_bringupConfig.cmake
[4.207s] -- Symlinking: /home/raz/projects/ros2_robotics_simulation/ros2_ws/src/install/my_robot_bringup/share/my_robot_bringup/cmake/my_robot_bringupConfig-version.cmake
[4.213s] -- Symlinking: /home/raz/projects/ros2_robotics_simulation/ros2_ws/src/install/my_robot_bringup/share/my_robot_bringup/package.xml
[4.220s] Invoked command in '/home/raz/projects/ros2_robotics_simulation/ros2_ws/src/build/my_robot_bringup' returned '0': CMAKE_PREFIX_PATH=${CMAKE_PREFIX_PATH}:/opt/ros/humble /usr/bin/cmake --install /home/raz/projects/ros2_robotics_simulation/ros2_ws/src/build/my_robot_bringup
