[0.089s] [34mcolcon[0m [1;30mDEBUG[0m [32mCommand line arguments: ['/usr/bin/colcon', 'build', '--symlink-install'][0m
[0.089s] [34mcolcon[0m [1;30mDEBUG[0m [32mParsed command line arguments: Namespace(log_base=None, log_level=None, verb_name='build', build_base='build', install_base='install', merge_install=False, symlink_install=True, test_result_base=None, continue_on_error=False, executor='parallel', parallel_workers=12, event_handlers=None, ignore_user_meta=False, metas=['./colcon.meta'], base_paths=['.'], packages_ignore=None, packages_ignore_regex=None, paths=None, packages_up_to=None, packages_up_to_regex=None, packages_above=None, packages_above_and_dependencies=None, packages_above_depth=None, packages_select_by_dep=None, packages_skip_by_dep=None, packages_skip_up_to=None, packages_select_build_failed=False, packages_skip_build_finished=False, packages_select_test_failures=False, packages_skip_test_passed=False, packages_select=None, packages_skip=None, packages_select_regex=None, packages_skip_regex=None, packages_start=None, packages_end=None, allow_overriding=[], cmake_args=None, cmake_target=None, cmake_target_skip_unavailable=False, cmake_clean_cache=False, cmake_clean_first=False, cmake_force_configure=False, ament_cmake_args=None, catkin_cmake_args=None, catkin_skip_building_tests=False, verb_parser=<colcon_defaults.argument_parser.defaults.DefaultArgumentsDecorator object at 0x7d8b30fdab60>, verb_extension=<colcon_core.verb.build.BuildVerb object at 0x7d8b30fda710>, main=<bound method BuildVerb.main of <colcon_core.verb.build.BuildVerb object at 0x7d8b30fda710>>)[0m
[0.128s] [34mcolcon.colcon_core.package_discovery[0m [1;30mLevel 1[0m discover_packages(colcon_meta) check parameters
[0.128s] [34mcolcon.colcon_core.package_discovery[0m [1;30mLevel 1[0m discover_packages(recursive) check parameters
[0.128s] [34mcolcon.colcon_core.package_discovery[0m [1;30mLevel 1[0m discover_packages(ignore) check parameters
[0.128s] [34mcolcon.colcon_core.package_discovery[0m [1;30mLevel 1[0m discover_packages(path) check parameters
[0.128s] [34mcolcon.colcon_core.package_discovery[0m [1;30mLevel 1[0m discover_packages(colcon_meta) discover
[0.128s] [34mcolcon.colcon_core.package_discovery[0m [1;30mLevel 1[0m discover_packages(recursive) discover
[0.128s] [34mcolcon.colcon_core.package_discovery[0m [1;30mINFO[0m Crawling recursively for packages in '/home/raz/projects/ros2_robotics_simulation/ros2_ws/src'
[0.128s] [34mcolcon.colcon_core.package_identification[0m [1;30mLevel 1[0m _identify(.) by extensions ['ignore', 'ignore_ament_install']
[0.128s] [34mcolcon.colcon_core.package_identification[0m [1;30mLevel 1[0m _identify(.) by extension 'ignore'
[0.128s] [34mcolcon.colcon_core.package_identification[0m [1;30mLevel 1[0m _identify(.) by extension 'ignore_ament_install'
[0.128s] [34mcolcon.colcon_core.package_identification[0m [1;30mLevel 1[0m _identify(.) by extensions ['colcon_pkg']
[0.128s] [34mcolcon.colcon_core.package_identification[0m [1;30mLevel 1[0m _identify(.) by extension 'colcon_pkg'
[0.128s] [34mcolcon.colcon_core.package_identification[0m [1;30mLevel 1[0m _identify(.) by extensions ['colcon_meta']
[0.128s] [34mcolcon.colcon_core.package_identification[0m [1;30mLevel 1[0m _identify(.) by extension 'colcon_meta'
[0.128s] [34mcolcon.colcon_core.package_identification[0m [1;30mLevel 1[0m _identify(.) by extensions ['ros']
[0.128s] [34mcolcon.colcon_core.package_identification[0m [1;30mLevel 1[0m _identify(.) by extension 'ros'
[0.131s] [34mcolcon.colcon_core.package_identification[0m [1;30mLevel 1[0m _identify(.) by extensions ['cmake', 'python']
[0.131s] [34mcolcon.colcon_core.package_identification[0m [1;30mLevel 1[0m _identify(.) by extension 'cmake'
[0.131s] [34mcolcon.colcon_core.package_identification[0m [1;30mLevel 1[0m _identify(.) by extension 'python'
[0.131s] [34mcolcon.colcon_core.package_identification[0m [1;30mLevel 1[0m _identify(.) by extensions ['python_setup_py']
[0.131s] [34mcolcon.colcon_core.package_identification[0m [1;30mLevel 1[0m _identify(.) by extension 'python_setup_py'
[0.131s] [34mcolcon.colcon_core.package_identification[0m [1;30mLevel 1[0m _identify(build) by extensions ['ignore', 'ignore_ament_install']
[0.131s] [34mcolcon.colcon_core.package_identification[0m [1;30mLevel 1[0m _identify(build) by extension 'ignore'
[0.131s] [34mcolcon.colcon_core.package_identification[0m [1;30mLevel 1[0m _identify(build) ignored
[0.131s] [34mcolcon.colcon_core.package_identification[0m [1;30mLevel 1[0m _identify(install) by extensions ['ignore', 'ignore_ament_install']
[0.131s] [34mcolcon.colcon_core.package_identification[0m [1;30mLevel 1[0m _identify(install) by extension 'ignore'
[0.131s] [34mcolcon.colcon_core.package_identification[0m [1;30mLevel 1[0m _identify(install) ignored
[0.131s] [34mcolcon.colcon_core.package_identification[0m [1;30mLevel 1[0m _identify(log) by extensions ['ignore', 'ignore_ament_install']
[0.131s] [34mcolcon.colcon_core.package_identification[0m [1;30mLevel 1[0m _identify(log) by extension 'ignore'
[0.131s] [34mcolcon.colcon_core.package_identification[0m [1;30mLevel 1[0m _identify(log) ignored
[0.132s] [34mcolcon.colcon_core.package_identification[0m [1;30mLevel 1[0m _identify(my_robot_bringup) by extensions ['ignore', 'ignore_ament_install']
[0.132s] [34mcolcon.colcon_core.package_identification[0m [1;30mLevel 1[0m _identify(my_robot_bringup) by extension 'ignore'
[0.132s] [34mcolcon.colcon_core.package_identification[0m [1;30mLevel 1[0m _identify(my_robot_bringup) by extension 'ignore_ament_install'
[0.132s] [34mcolcon.colcon_core.package_identification[0m [1;30mLevel 1[0m _identify(my_robot_bringup) by extensions ['colcon_pkg']
[0.132s] [34mcolcon.colcon_core.package_identification[0m [1;30mLevel 1[0m _identify(my_robot_bringup) by extension 'colcon_pkg'
[0.132s] [34mcolcon.colcon_core.package_identification[0m [1;30mLevel 1[0m _identify(my_robot_bringup) by extensions ['colcon_meta']
[0.132s] [34mcolcon.colcon_core.package_identification[0m [1;30mLevel 1[0m _identify(my_robot_bringup) by extension 'colcon_meta'
[0.132s] [34mcolcon.colcon_core.package_identification[0m [1;30mLevel 1[0m _identify(my_robot_bringup) by extensions ['ros']
[0.132s] [34mcolcon.colcon_core.package_identification[0m [1;30mLevel 1[0m _identify(my_robot_bringup) by extension 'ros'
[0.133s] [34mcolcon.colcon_core.package_identification[0m [1;30mDEBUG[0m [32mPackage 'my_robot_bringup' with type 'ros.ament_cmake' and name 'my_robot_bringup'[0m
[0.134s] [34mcolcon.colcon_core.package_identification[0m [1;30mLevel 1[0m _identify(my_robot_description) by extensions ['ignore', 'ignore_ament_install']
[0.134s] [34mcolcon.colcon_core.package_identification[0m [1;30mLevel 1[0m _identify(my_robot_description) by extension 'ignore'
[0.134s] [34mcolcon.colcon_core.package_identification[0m [1;30mLevel 1[0m _identify(my_robot_description) by extension 'ignore_ament_install'
[0.134s] [34mcolcon.colcon_core.package_identification[0m [1;30mLevel 1[0m _identify(my_robot_description) by extensions ['colcon_pkg']
[0.134s] [34mcolcon.colcon_core.package_identification[0m [1;30mLevel 1[0m _identify(my_robot_description) by extension 'colcon_pkg'
[0.134s] [34mcolcon.colcon_core.package_identification[0m [1;30mLevel 1[0m _identify(my_robot_description) by extensions ['colcon_meta']
[0.134s] [34mcolcon.colcon_core.package_identification[0m [1;30mLevel 1[0m _identify(my_robot_description) by extension 'colcon_meta'
[0.134s] [34mcolcon.colcon_core.package_identification[0m [1;30mLevel 1[0m _identify(my_robot_description) by extensions ['ros']
[0.134s] [34mcolcon.colcon_core.package_identification[0m [1;30mLevel 1[0m _identify(my_robot_description) by extension 'ros'
[0.134s] [34mcolcon.colcon_core.package_identification[0m [1;30mDEBUG[0m [32mPackage 'my_robot_description' with type 'ros.ament_cmake' and name 'my_robot_description'[0m
[0.134s] [34mcolcon.colcon_core.package_discovery[0m [1;30mLevel 1[0m discover_packages(recursive) using defaults
[0.134s] [34mcolcon.colcon_core.package_discovery[0m [1;30mLevel 1[0m discover_packages(ignore) discover
[0.134s] [34mcolcon.colcon_core.package_discovery[0m [1;30mLevel 1[0m discover_packages(ignore) using defaults
[0.134s] [34mcolcon.colcon_core.package_discovery[0m [1;30mLevel 1[0m discover_packages(path) discover
[0.134s] [34mcolcon.colcon_core.package_discovery[0m [1;30mLevel 1[0m discover_packages(path) using defaults
[0.145s] [34mcolcon.colcon_core.package_discovery[0m [1;30mLevel 1[0m discover_packages(prefix_path) check parameters
[0.145s] [34mcolcon.colcon_core.package_discovery[0m [1;30mLevel 1[0m discover_packages(prefix_path) discover
[0.147s] [34mcolcon.colcon_installed_package_information.package_discovery[0m [1;30mDEBUG[0m [32mFound 1 installed packages in /home/raz/projects/ros2_robotics_simulation/ros2_ws/install[0m
[0.147s] [34mcolcon.colcon_installed_package_information.package_discovery[0m [1;30mDEBUG[0m [32mFound 0 installed packages in /home/raz/ros2_ws/install[0m
[0.148s] [34mcolcon.colcon_installed_package_information.package_discovery[0m [1;30mDEBUG[0m [32mFound 324 installed packages in /opt/ros/humble[0m
[0.149s] [34mcolcon.colcon_core.package_discovery[0m [1;30mLevel 1[0m discover_packages(prefix_path) using defaults
[0.181s] [34mcolcon.colcon_core.verb[0m [1;30mLevel 5[0m set package 'my_robot_bringup' build argument 'cmake_args' from command line to 'None'
[0.181s] [34mcolcon.colcon_core.verb[0m [1;30mLevel 5[0m set package 'my_robot_bringup' build argument 'cmake_target' from command line to 'None'
[0.181s] [34mcolcon.colcon_core.verb[0m [1;30mLevel 5[0m set package 'my_robot_bringup' build argument 'cmake_target_skip_unavailable' from command line to 'False'
[0.181s] [34mcolcon.colcon_core.verb[0m [1;30mLevel 5[0m set package 'my_robot_bringup' build argument 'cmake_clean_cache' from command line to 'False'
[0.181s] [34mcolcon.colcon_core.verb[0m [1;30mLevel 5[0m set package 'my_robot_bringup' build argument 'cmake_clean_first' from command line to 'False'
[0.181s] [34mcolcon.colcon_core.verb[0m [1;30mLevel 5[0m set package 'my_robot_bringup' build argument 'cmake_force_configure' from command line to 'False'
[0.181s] [34mcolcon.colcon_core.verb[0m [1;30mLevel 5[0m set package 'my_robot_bringup' build argument 'ament_cmake_args' from command line to 'None'
[0.181s] [34mcolcon.colcon_core.verb[0m [1;30mLevel 5[0m set package 'my_robot_bringup' build argument 'catkin_cmake_args' from command line to 'None'
[0.181s] [34mcolcon.colcon_core.verb[0m [1;30mLevel 5[0m set package 'my_robot_bringup' build argument 'catkin_skip_building_tests' from command line to 'False'
[0.181s] [34mcolcon.colcon_core.verb[0m [1;30mDEBUG[0m [32mBuilding package 'my_robot_bringup' with the following arguments: {'ament_cmake_args': None, 'build_base': '/home/raz/projects/ros2_robotics_simulation/ros2_ws/src/build/my_robot_bringup', 'catkin_cmake_args': None, 'catkin_skip_building_tests': False, 'cmake_args': None, 'cmake_clean_cache': False, 'cmake_clean_first': False, 'cmake_force_configure': False, 'cmake_target': None, 'cmake_target_skip_unavailable': False, 'install_base': '/home/raz/projects/ros2_robotics_simulation/ros2_ws/src/install/my_robot_bringup', 'merge_install': False, 'path': '/home/raz/projects/ros2_robotics_simulation/ros2_ws/src/my_robot_bringup', 'symlink_install': True, 'test_result_base': None}[0m
[0.182s] [34mcolcon.colcon_core.verb[0m [1;30mLevel 5[0m set package 'my_robot_description' build argument 'cmake_args' from command line to 'None'
[0.182s] [34mcolcon.colcon_core.verb[0m [1;30mLevel 5[0m set package 'my_robot_description' build argument 'cmake_target' from command line to 'None'
[0.182s] [34mcolcon.colcon_core.verb[0m [1;30mLevel 5[0m set package 'my_robot_description' build argument 'cmake_target_skip_unavailable' from command line to 'False'
[0.182s] [34mcolcon.colcon_core.verb[0m [1;30mLevel 5[0m set package 'my_robot_description' build argument 'cmake_clean_cache' from command line to 'False'
[0.182s] [34mcolcon.colcon_core.verb[0m [1;30mLevel 5[0m set package 'my_robot_description' build argument 'cmake_clean_first' from command line to 'False'
[0.182s] [34mcolcon.colcon_core.verb[0m [1;30mLevel 5[0m set package 'my_robot_description' build argument 'cmake_force_configure' from command line to 'False'
[0.182s] [34mcolcon.colcon_core.verb[0m [1;30mLevel 5[0m set package 'my_robot_description' build argument 'ament_cmake_args' from command line to 'None'
[0.182s] [34mcolcon.colcon_core.verb[0m [1;30mLevel 5[0m set package 'my_robot_description' build argument 'catkin_cmake_args' from command line to 'None'
[0.182s] [34mcolcon.colcon_core.verb[0m [1;30mLevel 5[0m set package 'my_robot_description' build argument 'catkin_skip_building_tests' from command line to 'False'
[0.182s] [34mcolcon.colcon_core.verb[0m [1;30mDEBUG[0m [32mBuilding package 'my_robot_description' with the following arguments: {'ament_cmake_args': None, 'build_base': '/home/raz/projects/ros2_robotics_simulation/ros2_ws/src/build/my_robot_description', 'catkin_cmake_args': None, 'catkin_skip_building_tests': False, 'cmake_args': None, 'cmake_clean_cache': False, 'cmake_clean_first': False, 'cmake_force_configure': False, 'cmake_target': None, 'cmake_target_skip_unavailable': False, 'install_base': '/home/raz/projects/ros2_robotics_simulation/ros2_ws/src/install/my_robot_description', 'merge_install': False, 'path': '/home/raz/projects/ros2_robotics_simulation/ros2_ws/src/my_robot_description', 'symlink_install': True, 'test_result_base': None}[0m
[0.182s] [34mcolcon.colcon_core.executor[0m [1;30mINFO[0m Executing jobs using 'parallel' executor
[0.183s] [34mcolcon.colcon_parallel_executor.executor.parallel[0m [1;30mDEBUG[0m [32mrun_until_complete[0m
[0.183s] [34mcolcon.colcon_ros.task.ament_cmake.build[0m [1;30mINFO[0m Building ROS package in '/home/raz/projects/ros2_robotics_simulation/ros2_ws/src/my_robot_bringup' with build type 'ament_cmake'
[0.183s] [34mcolcon.colcon_cmake.task.cmake.build[0m [1;30mINFO[0m Building CMake package in '/home/raz/projects/ros2_robotics_simulation/ros2_ws/src/my_robot_bringup'
[0.184s] [34mcolcon.colcon_core.plugin_system[0m [1;30mINFO[0m Skipping extension 'colcon_core.shell.bat': Not used on non-Windows systems
[0.185s] [34mcolcon.colcon_core.shell[0m [1;30mINFO[0m Skip shell extension 'powershell' for command environment: Not usable outside of PowerShell
[0.185s] [34mcolcon.colcon_core.shell[0m [1;30mDEBUG[0m [32mSkip shell extension 'dsv' for command environment[0m
[0.187s] [34mcolcon.colcon_ros.task.ament_cmake.build[0m [1;30mINFO[0m Building ROS package in '/home/raz/projects/ros2_robotics_simulation/ros2_ws/src/my_robot_description' with build type 'ament_cmake'
[0.187s] [34mcolcon.colcon_cmake.task.cmake.build[0m [1;30mINFO[0m Building CMake package in '/home/raz/projects/ros2_robotics_simulation/ros2_ws/src/my_robot_description'
[0.187s] [34mcolcon.colcon_core.shell[0m [1;30mINFO[0m Skip shell extension 'powershell' for command environment: Not usable outside of PowerShell
[0.188s] [34mcolcon.colcon_core.shell[0m [1;30mDEBUG[0m [32mSkip shell extension 'dsv' for command environment[0m
[0.193s] [34mcolcon.colcon_core.event_handler.log_command[0m [1;30mDEBUG[0m [32mInvoking command in '/home/raz/projects/ros2_robotics_simulation/ros2_ws/src/build/my_robot_bringup': CMAKE_PREFIX_PATH=${CMAKE_PREFIX_PATH}:/opt/ros/humble /usr/bin/cmake /home/raz/projects/ros2_robotics_simulation/ros2_ws/src/my_robot_bringup -DAMENT_CMAKE_SYMLINK_INSTALL=1 -DCMAKE_INSTALL_PREFIX=/home/raz/projects/ros2_robotics_simulation/ros2_ws/src/install/my_robot_bringup[0m
[0.195s] [34mcolcon.colcon_core.event_handler.log_command[0m [1;30mDEBUG[0m [32mInvoking command in '/home/raz/projects/ros2_robotics_simulation/ros2_ws/src/build/my_robot_description': CMAKE_PREFIX_PATH=${CMAKE_PREFIX_PATH}:/opt/ros/humble /usr/bin/cmake /home/raz/projects/ros2_robotics_simulation/ros2_ws/src/my_robot_description -DAMENT_CMAKE_SYMLINK_INSTALL=1 -DCMAKE_INSTALL_PREFIX=/home/raz/projects/ros2_robotics_simulation/ros2_ws/src/install/my_robot_description[0m
[4.256s] [34mcolcon.colcon_core.event_handler.log_command[0m [1;30mDEBUG[0m [32mInvoked command in '/home/raz/projects/ros2_robotics_simulation/ros2_ws/src/build/my_robot_bringup' returned '0': CMAKE_PREFIX_PATH=${CMAKE_PREFIX_PATH}:/opt/ros/humble /usr/bin/cmake /home/raz/projects/ros2_robotics_simulation/ros2_ws/src/my_robot_bringup -DAMENT_CMAKE_SYMLINK_INSTALL=1 -DCMAKE_INSTALL_PREFIX=/home/raz/projects/ros2_robotics_simulation/ros2_ws/src/install/my_robot_bringup[0m
[4.257s] [34mcolcon.colcon_core.event_handler.log_command[0m [1;30mDEBUG[0m [32mInvoking command in '/home/raz/projects/ros2_robotics_simulation/ros2_ws/src/build/my_robot_bringup': CMAKE_PREFIX_PATH=${CMAKE_PREFIX_PATH}:/opt/ros/humble /usr/bin/cmake --build /home/raz/projects/ros2_robotics_simulation/ros2_ws/src/build/my_robot_bringup -- -j12 -l12[0m
[4.258s] [34mcolcon.colcon_core.event_handler.log_command[0m [1;30mDEBUG[0m [32mInvoked command in '/home/raz/projects/ros2_robotics_simulation/ros2_ws/src/build/my_robot_description' returned '0': CMAKE_PREFIX_PATH=${CMAKE_PREFIX_PATH}:/opt/ros/humble /usr/bin/cmake /home/raz/projects/ros2_robotics_simulation/ros2_ws/src/my_robot_description -DAMENT_CMAKE_SYMLINK_INSTALL=1 -DCMAKE_INSTALL_PREFIX=/home/raz/projects/ros2_robotics_simulation/ros2_ws/src/install/my_robot_description[0m
[4.259s] [34mcolcon.colcon_core.event_handler.log_command[0m [1;30mDEBUG[0m [32mInvoking command in '/home/raz/projects/ros2_robotics_simulation/ros2_ws/src/build/my_robot_description': CMAKE_PREFIX_PATH=${CMAKE_PREFIX_PATH}:/opt/ros/humble /usr/bin/cmake --build /home/raz/projects/ros2_robotics_simulation/ros2_ws/src/build/my_robot_description -- -j12 -l12[0m
[4.281s] [34mcolcon.colcon_core.event_handler.log_command[0m [1;30mDEBUG[0m [32mInvoked command in '/home/raz/projects/ros2_robotics_simulation/ros2_ws/src/build/my_robot_bringup' returned '0': CMAKE_PREFIX_PATH=${CMAKE_PREFIX_PATH}:/opt/ros/humble /usr/bin/cmake --build /home/raz/projects/ros2_robotics_simulation/ros2_ws/src/build/my_robot_bringup -- -j12 -l12[0m
[4.283s] [34mcolcon.colcon_core.event_handler.log_command[0m [1;30mDEBUG[0m [32mInvoked command in '/home/raz/projects/ros2_robotics_simulation/ros2_ws/src/build/my_robot_description' returned '0': CMAKE_PREFIX_PATH=${CMAKE_PREFIX_PATH}:/opt/ros/humble /usr/bin/cmake --build /home/raz/projects/ros2_robotics_simulation/ros2_ws/src/build/my_robot_description -- -j12 -l12[0m
[4.301s] [34mcolcon.colcon_core.event_handler.log_command[0m [1;30mDEBUG[0m [32mInvoking command in '/home/raz/projects/ros2_robotics_simulation/ros2_ws/src/build/my_robot_bringup': CMAKE_PREFIX_PATH=${CMAKE_PREFIX_PATH}:/opt/ros/humble /usr/bin/cmake --install /home/raz/projects/ros2_robotics_simulation/ros2_ws/src/build/my_robot_bringup[0m
[4.302s] [34mcolcon.colcon_core.event_handler.log_command[0m [1;30mDEBUG[0m [32mInvoking command in '/home/raz/projects/ros2_robotics_simulation/ros2_ws/src/build/my_robot_description': CMAKE_PREFIX_PATH=${CMAKE_PREFIX_PATH}:/opt/ros/humble /usr/bin/cmake --install /home/raz/projects/ros2_robotics_simulation/ros2_ws/src/build/my_robot_description[0m
[4.402s] [34mcolcon.colcon_core.environment[0m [1;30mLevel 1[0m create_environment_scripts_only(my_robot_bringup)
[4.403s] [34mcolcon.colcon_core.event_handler.log_command[0m [1;30mDEBUG[0m [32mInvoked command in '/home/raz/projects/ros2_robotics_simulation/ros2_ws/src/build/my_robot_bringup' returned '0': CMAKE_PREFIX_PATH=${CMAKE_PREFIX_PATH}:/opt/ros/humble /usr/bin/cmake --install /home/raz/projects/ros2_robotics_simulation/ros2_ws/src/build/my_robot_bringup[0m
[4.404s] [34mcolcon.colcon_core.environment[0m [1;30mLevel 1[0m checking '/home/raz/projects/ros2_robotics_simulation/ros2_ws/src/install/my_robot_bringup' for CMake module files
[4.405s] [34mcolcon.colcon_core.environment[0m [1;30mLevel 1[0m checking '/home/raz/projects/ros2_robotics_simulation/ros2_ws/src/install/my_robot_bringup' for CMake config files
[4.405s] [34mcolcon.colcon_core.shell[0m [1;30mLevel 1[0m create_environment_hook('my_robot_bringup', 'cmake_prefix_path')
[4.405s] [34mcolcon.colcon_core.shell[0m [1;30mINFO[0m Creating environment hook '/home/raz/projects/ros2_robotics_simulation/ros2_ws/src/install/my_robot_bringup/share/my_robot_bringup/hook/cmake_prefix_path.ps1'
[4.406s] [34mcolcon.colcon_core.shell[0m [1;30mINFO[0m Creating environment descriptor '/home/raz/projects/ros2_robotics_simulation/ros2_ws/src/install/my_robot_bringup/share/my_robot_bringup/hook/cmake_prefix_path.dsv'
[4.406s] [34mcolcon.colcon_core.shell[0m [1;30mINFO[0m Creating environment hook '/home/raz/projects/ros2_robotics_simulation/ros2_ws/src/install/my_robot_bringup/share/my_robot_bringup/hook/cmake_prefix_path.sh'
[4.407s] [34mcolcon.colcon_core.environment[0m [1;30mLevel 1[0m checking '/home/raz/projects/ros2_robotics_simulation/ros2_ws/src/install/my_robot_bringup/bin'
[4.407s] [34mcolcon.colcon_core.environment[0m [1;30mLevel 1[0m checking '/home/raz/projects/ros2_robotics_simulation/ros2_ws/src/install/my_robot_bringup/lib/pkgconfig/my_robot_bringup.pc'
[4.407s] [34mcolcon.colcon_core.environment[0m [1;30mLevel 1[0m checking '/home/raz/projects/ros2_robotics_simulation/ros2_ws/src/install/my_robot_bringup/lib/python3.10/site-packages'
[4.407s] [34mcolcon.colcon_core.environment[0m [1;30mLevel 1[0m checking '/home/raz/projects/ros2_robotics_simulation/ros2_ws/src/install/my_robot_bringup/bin'
[4.407s] [34mcolcon.colcon_core.shell[0m [1;30mINFO[0m Creating package script '/home/raz/projects/ros2_robotics_simulation/ros2_ws/src/install/my_robot_bringup/share/my_robot_bringup/package.ps1'
[4.408s] [34mcolcon.colcon_core.shell[0m [1;30mINFO[0m Creating package descriptor '/home/raz/projects/ros2_robotics_simulation/ros2_ws/src/install/my_robot_bringup/share/my_robot_bringup/package.dsv'
[4.408s] [34mcolcon.colcon_core.shell[0m [1;30mINFO[0m Creating package script '/home/raz/projects/ros2_robotics_simulation/ros2_ws/src/install/my_robot_bringup/share/my_robot_bringup/package.sh'
[4.409s] [34mcolcon.colcon_core.shell[0m [1;30mINFO[0m Creating package script '/home/raz/projects/ros2_robotics_simulation/ros2_ws/src/install/my_robot_bringup/share/my_robot_bringup/package.bash'
[4.409s] [34mcolcon.colcon_core.shell[0m [1;30mINFO[0m Creating package script '/home/raz/projects/ros2_robotics_simulation/ros2_ws/src/install/my_robot_bringup/share/my_robot_bringup/package.zsh'
[4.410s] [34mcolcon.colcon_core.environment[0m [1;30mLevel 1[0m create_file_with_runtime_dependencies(/home/raz/projects/ros2_robotics_simulation/ros2_ws/src/install/my_robot_bringup/share/colcon-core/packages/my_robot_bringup)
[4.423s] [34mcolcon.colcon_core.environment[0m [1;30mLevel 1[0m create_environment_scripts_only(my_robot_bringup)
[4.423s] [34mcolcon.colcon_core.environment[0m [1;30mLevel 1[0m checking '/home/raz/projects/ros2_robotics_simulation/ros2_ws/src/install/my_robot_bringup' for CMake module files
[4.424s] [34mcolcon.colcon_core.environment[0m [1;30mLevel 1[0m checking '/home/raz/projects/ros2_robotics_simulation/ros2_ws/src/install/my_robot_bringup' for CMake config files
[4.424s] [34mcolcon.colcon_core.shell[0m [1;30mLevel 1[0m create_environment_hook('my_robot_bringup', 'cmake_prefix_path')
[4.424s] [34mcolcon.colcon_core.shell[0m [1;30mINFO[0m Creating environment hook '/home/raz/projects/ros2_robotics_simulation/ros2_ws/src/install/my_robot_bringup/share/my_robot_bringup/hook/cmake_prefix_path.ps1'
[4.424s] [34mcolcon.colcon_core.shell[0m [1;30mINFO[0m Creating environment descriptor '/home/raz/projects/ros2_robotics_simulation/ros2_ws/src/install/my_robot_bringup/share/my_robot_bringup/hook/cmake_prefix_path.dsv'
[4.425s] [34mcolcon.colcon_core.shell[0m [1;30mINFO[0m Creating environment hook '/home/raz/projects/ros2_robotics_simulation/ros2_ws/src/install/my_robot_bringup/share/my_robot_bringup/hook/cmake_prefix_path.sh'
[4.425s] [34mcolcon.colcon_core.environment[0m [1;30mLevel 1[0m checking '/home/raz/projects/ros2_robotics_simulation/ros2_ws/src/install/my_robot_bringup/bin'
[4.425s] [34mcolcon.colcon_core.environment[0m [1;30mLevel 1[0m checking '/home/raz/projects/ros2_robotics_simulation/ros2_ws/src/install/my_robot_bringup/lib/pkgconfig/my_robot_bringup.pc'
[4.425s] [34mcolcon.colcon_core.environment[0m [1;30mLevel 1[0m checking '/home/raz/projects/ros2_robotics_simulation/ros2_ws/src/install/my_robot_bringup/lib/python3.10/site-packages'
[4.425s] [34mcolcon.colcon_core.environment[0m [1;30mLevel 1[0m checking '/home/raz/projects/ros2_robotics_simulation/ros2_ws/src/install/my_robot_bringup/bin'
[4.426s] [34mcolcon.colcon_core.shell[0m [1;30mINFO[0m Creating package script '/home/raz/projects/ros2_robotics_simulation/ros2_ws/src/install/my_robot_bringup/share/my_robot_bringup/package.ps1'
[4.426s] [34mcolcon.colcon_core.shell[0m [1;30mINFO[0m Creating package descriptor '/home/raz/projects/ros2_robotics_simulation/ros2_ws/src/install/my_robot_bringup/share/my_robot_bringup/package.dsv'
[4.426s] [34mcolcon.colcon_core.shell[0m [1;30mINFO[0m Creating package script '/home/raz/projects/ros2_robotics_simulation/ros2_ws/src/install/my_robot_bringup/share/my_robot_bringup/package.sh'
[4.427s] [34mcolcon.colcon_core.shell[0m [1;30mINFO[0m Creating package script '/home/raz/projects/ros2_robotics_simulation/ros2_ws/src/install/my_robot_bringup/share/my_robot_bringup/package.bash'
[4.427s] [34mcolcon.colcon_core.shell[0m [1;30mINFO[0m Creating package script '/home/raz/projects/ros2_robotics_simulation/ros2_ws/src/install/my_robot_bringup/share/my_robot_bringup/package.zsh'
[4.427s] [34mcolcon.colcon_core.environment[0m [1;30mLevel 1[0m create_file_with_runtime_dependencies(/home/raz/projects/ros2_robotics_simulation/ros2_ws/src/install/my_robot_bringup/share/colcon-core/packages/my_robot_bringup)
[4.439s] [34mcolcon.colcon_core.environment[0m [1;30mLevel 1[0m create_environment_scripts_only(my_robot_description)
[4.439s] [34mcolcon.colcon_core.environment[0m [1;30mLevel 1[0m checking '/home/raz/projects/ros2_robotics_simulation/ros2_ws/src/install/my_robot_description' for CMake module files
[4.439s] [34mcolcon.colcon_core.event_handler.log_command[0m [1;30mDEBUG[0m [32mInvoked command in '/home/raz/projects/ros2_robotics_simulation/ros2_ws/src/build/my_robot_description' returned '0': CMAKE_PREFIX_PATH=${CMAKE_PREFIX_PATH}:/opt/ros/humble /usr/bin/cmake --install /home/raz/projects/ros2_robotics_simulation/ros2_ws/src/build/my_robot_description[0m
[4.440s] [34mcolcon.colcon_core.environment[0m [1;30mLevel 1[0m checking '/home/raz/projects/ros2_robotics_simulation/ros2_ws/src/install/my_robot_description' for CMake config files
[4.440s] [34mcolcon.colcon_core.shell[0m [1;30mLevel 1[0m create_environment_hook('my_robot_description', 'cmake_prefix_path')
[4.440s] [34mcolcon.colcon_core.shell[0m [1;30mINFO[0m Creating environment hook '/home/raz/projects/ros2_robotics_simulation/ros2_ws/src/install/my_robot_description/share/my_robot_description/hook/cmake_prefix_path.ps1'
[4.440s] [34mcolcon.colcon_core.shell[0m [1;30mINFO[0m Creating environment descriptor '/home/raz/projects/ros2_robotics_simulation/ros2_ws/src/install/my_robot_description/share/my_robot_description/hook/cmake_prefix_path.dsv'
[4.441s] [34mcolcon.colcon_core.shell[0m [1;30mINFO[0m Creating environment hook '/home/raz/projects/ros2_robotics_simulation/ros2_ws/src/install/my_robot_description/share/my_robot_description/hook/cmake_prefix_path.sh'
[4.441s] [34mcolcon.colcon_core.environment[0m [1;30mLevel 1[0m checking '/home/raz/projects/ros2_robotics_simulation/ros2_ws/src/install/my_robot_description/bin'
[4.441s] [34mcolcon.colcon_core.environment[0m [1;30mLevel 1[0m checking '/home/raz/projects/ros2_robotics_simulation/ros2_ws/src/install/my_robot_description/lib/pkgconfig/my_robot_description.pc'
[4.441s] [34mcolcon.colcon_core.environment[0m [1;30mLevel 1[0m checking '/home/raz/projects/ros2_robotics_simulation/ros2_ws/src/install/my_robot_description/lib/python3.10/site-packages'
[4.441s] [34mcolcon.colcon_core.environment[0m [1;30mLevel 1[0m checking '/home/raz/projects/ros2_robotics_simulation/ros2_ws/src/install/my_robot_description/bin'
[4.441s] [34mcolcon.colcon_core.shell[0m [1;30mINFO[0m Creating package script '/home/raz/projects/ros2_robotics_simulation/ros2_ws/src/install/my_robot_description/share/my_robot_description/package.ps1'
[4.442s] [34mcolcon.colcon_core.shell[0m [1;30mINFO[0m Creating package descriptor '/home/raz/projects/ros2_robotics_simulation/ros2_ws/src/install/my_robot_description/share/my_robot_description/package.dsv'
[4.442s] [34mcolcon.colcon_core.shell[0m [1;30mINFO[0m Creating package script '/home/raz/projects/ros2_robotics_simulation/ros2_ws/src/install/my_robot_description/share/my_robot_description/package.sh'
[4.442s] [34mcolcon.colcon_core.shell[0m [1;30mINFO[0m Creating package script '/home/raz/projects/ros2_robotics_simulation/ros2_ws/src/install/my_robot_description/share/my_robot_description/package.bash'
[4.443s] [34mcolcon.colcon_core.shell[0m [1;30mINFO[0m Creating package script '/home/raz/projects/ros2_robotics_simulation/ros2_ws/src/install/my_robot_description/share/my_robot_description/package.zsh'
[4.443s] [34mcolcon.colcon_core.environment[0m [1;30mLevel 1[0m create_file_with_runtime_dependencies(/home/raz/projects/ros2_robotics_simulation/ros2_ws/src/install/my_robot_description/share/colcon-core/packages/my_robot_description)
[4.456s] [34mcolcon.colcon_core.environment[0m [1;30mLevel 1[0m create_environment_scripts_only(my_robot_description)
[4.456s] [34mcolcon.colcon_core.environment[0m [1;30mLevel 1[0m checking '/home/raz/projects/ros2_robotics_simulation/ros2_ws/src/install/my_robot_description' for CMake module files
[4.456s] [34mcolcon.colcon_core.environment[0m [1;30mLevel 1[0m checking '/home/raz/projects/ros2_robotics_simulation/ros2_ws/src/install/my_robot_description' for CMake config files
[4.456s] [34mcolcon.colcon_core.shell[0m [1;30mLevel 1[0m create_environment_hook('my_robot_description', 'cmake_prefix_path')
[4.456s] [34mcolcon.colcon_core.shell[0m [1;30mINFO[0m Creating environment hook '/home/raz/projects/ros2_robotics_simulation/ros2_ws/src/install/my_robot_description/share/my_robot_description/hook/cmake_prefix_path.ps1'
[4.457s] [34mcolcon.colcon_core.shell[0m [1;30mINFO[0m Creating environment descriptor '/home/raz/projects/ros2_robotics_simulation/ros2_ws/src/install/my_robot_description/share/my_robot_description/hook/cmake_prefix_path.dsv'
[4.457s] [34mcolcon.colcon_core.shell[0m [1;30mINFO[0m Creating environment hook '/home/raz/projects/ros2_robotics_simulation/ros2_ws/src/install/my_robot_description/share/my_robot_description/hook/cmake_prefix_path.sh'
[4.457s] [34mcolcon.colcon_core.environment[0m [1;30mLevel 1[0m checking '/home/raz/projects/ros2_robotics_simulation/ros2_ws/src/install/my_robot_description/bin'
[4.457s] [34mcolcon.colcon_core.environment[0m [1;30mLevel 1[0m checking '/home/raz/projects/ros2_robotics_simulation/ros2_ws/src/install/my_robot_description/lib/pkgconfig/my_robot_description.pc'
[4.458s] [34mcolcon.colcon_core.environment[0m [1;30mLevel 1[0m checking '/home/raz/projects/ros2_robotics_simulation/ros2_ws/src/install/my_robot_description/lib/python3.10/site-packages'
[4.458s] [34mcolcon.colcon_core.environment[0m [1;30mLevel 1[0m checking '/home/raz/projects/ros2_robotics_simulation/ros2_ws/src/install/my_robot_description/bin'
[4.458s] [34mcolcon.colcon_core.shell[0m [1;30mINFO[0m Creating package script '/home/raz/projects/ros2_robotics_simulation/ros2_ws/src/install/my_robot_description/share/my_robot_description/package.ps1'
[4.458s] [34mcolcon.colcon_core.shell[0m [1;30mINFO[0m Creating package descriptor '/home/raz/projects/ros2_robotics_simulation/ros2_ws/src/install/my_robot_description/share/my_robot_description/package.dsv'
[4.459s] [34mcolcon.colcon_core.shell[0m [1;30mINFO[0m Creating package script '/home/raz/projects/ros2_robotics_simulation/ros2_ws/src/install/my_robot_description/share/my_robot_description/package.sh'
[4.459s] [34mcolcon.colcon_core.shell[0m [1;30mINFO[0m Creating package script '/home/raz/projects/ros2_robotics_simulation/ros2_ws/src/install/my_robot_description/share/my_robot_description/package.bash'
[4.459s] [34mcolcon.colcon_core.shell[0m [1;30mINFO[0m Creating package script '/home/raz/projects/ros2_robotics_simulation/ros2_ws/src/install/my_robot_description/share/my_robot_description/package.zsh'
[4.460s] [34mcolcon.colcon_core.environment[0m [1;30mLevel 1[0m create_file_with_runtime_dependencies(/home/raz/projects/ros2_robotics_simulation/ros2_ws/src/install/my_robot_description/share/colcon-core/packages/my_robot_description)
[4.460s] [34mcolcon.colcon_parallel_executor.executor.parallel[0m [1;30mDEBUG[0m [32mclosing loop[0m
[4.460s] [34mcolcon.colcon_parallel_executor.executor.parallel[0m [1;30mDEBUG[0m [32mloop closed[0m
[4.460s] [34mcolcon.colcon_parallel_executor.executor.parallel[0m [1;30mDEBUG[0m [32mrun_until_complete finished with '0'[0m
[4.460s] [34mcolcon.colcon_core.event_reactor[0m [1;30mDEBUG[0m [32mjoining thread[0m
[4.464s] [34mcolcon.colcon_core.plugin_system[0m [1;30mINFO[0m Skipping extension 'colcon_notification.desktop_notification.terminal_notifier': Not used on non-Darwin systems
[4.464s] [34mcolcon.colcon_core.plugin_system[0m [1;30mINFO[0m Skipping extension 'colcon_notification.desktop_notification.win32': Not used on non-Windows systems
[4.464s] [34mcolcon.colcon_notification.desktop_notification[0m [1;30mINFO[0m Sending desktop notification using 'notify2'
[4.473s] [34mcolcon.colcon_core.event_reactor[0m [1;30mDEBUG[0m [32mjoined thread[0m
[4.473s] [34mcolcon.colcon_core.shell[0m [1;30mINFO[0m Creating prefix script '/home/raz/projects/ros2_robotics_simulation/ros2_ws/src/install/local_setup.ps1'
[4.474s] [34mcolcon.colcon_core.shell[0m [1;30mINFO[0m Creating prefix util module '/home/raz/projects/ros2_robotics_simulation/ros2_ws/src/install/_local_setup_util_ps1.py'
[4.475s] [34mcolcon.colcon_core.shell[0m [1;30mINFO[0m Creating prefix chain script '/home/raz/projects/ros2_robotics_simulation/ros2_ws/src/install/setup.ps1'
[4.476s] [34mcolcon.colcon_core.shell[0m [1;30mINFO[0m Creating prefix script '/home/raz/projects/ros2_robotics_simulation/ros2_ws/src/install/local_setup.sh'
[4.477s] [34mcolcon.colcon_core.shell[0m [1;30mINFO[0m Creating prefix util module '/home/raz/projects/ros2_robotics_simulation/ros2_ws/src/install/_local_setup_util_sh.py'
[4.477s] [34mcolcon.colcon_core.shell[0m [1;30mINFO[0m Creating prefix chain script '/home/raz/projects/ros2_robotics_simulation/ros2_ws/src/install/setup.sh'
[4.478s] [34mcolcon.colcon_core.shell[0m [1;30mINFO[0m Creating prefix script '/home/raz/projects/ros2_robotics_simulation/ros2_ws/src/install/local_setup.bash'
[4.478s] [34mcolcon.colcon_core.shell[0m [1;30mINFO[0m Creating prefix chain script '/home/raz/projects/ros2_robotics_simulation/ros2_ws/src/install/setup.bash'
[4.479s] [34mcolcon.colcon_core.shell[0m [1;30mINFO[0m Creating prefix script '/home/raz/projects/ros2_robotics_simulation/ros2_ws/src/install/local_setup.zsh'
[4.479s] [34mcolcon.colcon_core.shell[0m [1;30mINFO[0m Creating prefix chain script '/home/raz/projects/ros2_robotics_simulation/ros2_ws/src/install/setup.zsh'
