[0.006s] Invoking command in '/home/raz/projects/ros2_robotics_simulation/ros2_ws/build/my_robot_bringup': CMAKE_PREFIX_PATH=/home/raz/projects/ros2_robotics_simulation/ros2_ws/install/my_robot_description:/home/raz/projects/ros2_robotics_simulation/ros2_ws/install/my_robot_bringup:/opt/ros/humble /usr/bin/cmake --build /home/raz/projects/ros2_robotics_simulation/ros2_ws/build/my_robot_bringup -- -j12 -l12
[0.023s] -- Found ament_cmake: 1.3.10 (/opt/ros/humble/share/ament_cmake/cmake)
[0.122s] -- Override CMake install command with custom implementation using symlinks instead of copying resources
[0.181s] -- Configuring done
[0.183s] -- Generating done
[0.184s] -- Build files have been written to: /home/raz/projects/ros2_robotics_simulation/ros2_ws/build/my_robot_bringup
[0.198s] Invoked command in '/home/raz/projects/ros2_robotics_simulation/ros2_ws/build/my_robot_bringup' returned '0': CMAKE_PREFIX_PATH=/home/raz/projects/ros2_robotics_simulation/ros2_ws/install/my_robot_description:/home/raz/projects/ros2_robotics_simulation/ros2_ws/install/my_robot_bringup:/opt/ros/humble /usr/bin/cmake --build /home/raz/projects/ros2_robotics_simulation/ros2_ws/build/my_robot_bringup -- -j12 -l12
[0.213s] Invoking command in '/home/raz/projects/ros2_robotics_simulation/ros2_ws/build/my_robot_bringup': CMAKE_PREFIX_PATH=/home/raz/projects/ros2_robotics_simulation/ros2_ws/install/my_robot_description:/home/raz/projects/ros2_robotics_simulation/ros2_ws/install/my_robot_bringup:/opt/ros/humble /usr/bin/cmake --install /home/raz/projects/ros2_robotics_simulation/ros2_ws/build/my_robot_bringup
[0.217s] -- Install configuration: ""
[0.218s] -- Execute custom install script
[0.218s] -- Up-to-date symlink: /home/raz/projects/ros2_robotics_simulation/ros2_ws/install/my_robot_bringup/share/my_robot_bringup//launch/my_robot_gazebo.launch.xml
[0.218s] [31mCMake Error at ament_cmake_symlink_install/ament_cmake_symlink_install.cmake:100 (message):
[0.218s]   ament_cmake_symlink_install_directory() can't find
[0.218s]   '/home/raz/projects/ros2_robotics_simulation/ros2_ws/src/my_robot_bringup/rvis'
[0.218s] Call Stack (most recent call first):
[0.218s]   ament_cmake_symlink_install/ament_cmake_symlink_install.cmake:314 (ament_cmake_symlink_install_directory)
[0.218s]   cmake_install.cmake:46 (include)
[0.218s] 
[0.218s] [0m
[0.219s] Invoked command in '/home/raz/projects/ros2_robotics_simulation/ros2_ws/build/my_robot_bringup' returned '1': CMAKE_PREFIX_PATH=/home/raz/projects/ros2_robotics_simulation/ros2_ws/install/my_robot_description:/home/raz/projects/ros2_robotics_simulation/ros2_ws/install/my_robot_bringup:/opt/ros/humble /usr/bin/cmake --install /home/raz/projects/ros2_robotics_simulation/ros2_ws/build/my_robot_bringup
