[0.005s] Invoking command in '/home/raz/projects/ros2_robotics_simulation/ros2_ws/build/my_robot_bringup': CMAKE_PREFIX_PATH=/home/raz/projects/ros2_robotics_simulation/ros2_ws/install/my_robot_description:/home/raz/projects/ros2_robotics_simulation/ros2_ws/install/my_robot_bringup:/opt/ros/humble /usr/bin/cmake --build /home/raz/projects/ros2_robotics_simulation/ros2_ws/build/my_robot_bringup -- -j12 -l12
[0.280s] -- Found ament_cmake: 1.3.10 (/opt/ros/humble/share/ament_cmake/cmake)
[0.641s] -- Override CMake install command with custom implementation using symlinks instead of copying resources
[1.045s] -- Configuring done
[1.120s] -- Generating done
[1.122s] -- Build files have been written to: /home/raz/projects/ros2_robotics_simulation/ros2_ws/build/my_robot_bringup
[1.136s] Invoked command in '/home/raz/projects/ros2_robotics_simulation/ros2_ws/build/my_robot_bringup' returned '0': CMAKE_PREFIX_PATH=/home/raz/projects/ros2_robotics_simulation/ros2_ws/install/my_robot_description:/home/raz/projects/ros2_robotics_simulation/ros2_ws/install/my_robot_bringup:/opt/ros/humble /usr/bin/cmake --build /home/raz/projects/ros2_robotics_simulation/ros2_ws/build/my_robot_bringup -- -j12 -l12
[1.150s] Invoking command in '/home/raz/projects/ros2_robotics_simulation/ros2_ws/build/my_robot_bringup': CMAKE_PREFIX_PATH=/home/raz/projects/ros2_robotics_simulation/ros2_ws/install/my_robot_description:/home/raz/projects/ros2_robotics_simulation/ros2_ws/install/my_robot_bringup:/opt/ros/humble /usr/bin/cmake --install /home/raz/projects/ros2_robotics_simulation/ros2_ws/build/my_robot_bringup
[1.154s] -- Install configuration: ""
[1.155s] -- Execute custom install script
[1.155s] -- Up-to-date symlink: /home/raz/projects/ros2_robotics_simulation/ros2_ws/install/my_robot_bringup/share/my_robot_bringup//launch/my_robot_gazebo.launch.xml
[1.155s] -- Up-to-date symlink: /home/raz/projects/ros2_robotics_simulation/ros2_ws/install/my_robot_bringup/share/my_robot_bringup//rviz/urdf_config.rviz
[1.155s] -- Symlinking: /home/raz/projects/ros2_robotics_simulation/ros2_ws/install/my_robot_bringup/share/my_robot_bringup//worlds/test_world.world
[1.161s] -- Up-to-date symlink: /home/raz/projects/ros2_robotics_simulation/ros2_ws/install/my_robot_bringup/share/ament_index/resource_index/package_run_dependencies/my_robot_bringup
[1.161s] -- Up-to-date symlink: /home/raz/projects/ros2_robotics_simulation/ros2_ws/install/my_robot_bringup/share/ament_index/resource_index/parent_prefix_path/my_robot_bringup
[1.161s] -- Up-to-date symlink: /home/raz/projects/ros2_robotics_simulation/ros2_ws/install/my_robot_bringup/share/my_robot_bringup/environment/ament_prefix_path.sh
[1.161s] -- Up-to-date symlink: /home/raz/projects/ros2_robotics_simulation/ros2_ws/install/my_robot_bringup/share/my_robot_bringup/environment/ament_prefix_path.dsv
[1.161s] -- Up-to-date symlink: /home/raz/projects/ros2_robotics_simulation/ros2_ws/install/my_robot_bringup/share/my_robot_bringup/environment/path.sh
[1.161s] -- Up-to-date symlink: /home/raz/projects/ros2_robotics_simulation/ros2_ws/install/my_robot_bringup/share/my_robot_bringup/environment/path.dsv
[1.161s] -- Up-to-date symlink: /home/raz/projects/ros2_robotics_simulation/ros2_ws/install/my_robot_bringup/share/my_robot_bringup/local_setup.bash
[1.162s] -- Up-to-date symlink: /home/raz/projects/ros2_robotics_simulation/ros2_ws/install/my_robot_bringup/share/my_robot_bringup/local_setup.sh
[1.162s] -- Up-to-date symlink: /home/raz/projects/ros2_robotics_simulation/ros2_ws/install/my_robot_bringup/share/my_robot_bringup/local_setup.zsh
[1.162s] -- Up-to-date symlink: /home/raz/projects/ros2_robotics_simulation/ros2_ws/install/my_robot_bringup/share/my_robot_bringup/local_setup.dsv
[1.162s] -- Symlinking: /home/raz/projects/ros2_robotics_simulation/ros2_ws/install/my_robot_bringup/share/my_robot_bringup/package.dsv
[1.167s] -- Up-to-date symlink: /home/raz/projects/ros2_robotics_simulation/ros2_ws/install/my_robot_bringup/share/ament_index/resource_index/packages/my_robot_bringup
[1.167s] -- Up-to-date symlink: /home/raz/projects/ros2_robotics_simulation/ros2_ws/install/my_robot_bringup/share/my_robot_bringup/cmake/my_robot_bringupConfig.cmake
[1.167s] -- Up-to-date symlink: /home/raz/projects/ros2_robotics_simulation/ros2_ws/install/my_robot_bringup/share/my_robot_bringup/cmake/my_robot_bringupConfig-version.cmake
[1.168s] -- Up-to-date symlink: /home/raz/projects/ros2_robotics_simulation/ros2_ws/install/my_robot_bringup/share/my_robot_bringup/package.xml
[1.169s] Invoked command in '/home/raz/projects/ros2_robotics_simulation/ros2_ws/build/my_robot_bringup' returned '0': CMAKE_PREFIX_PATH=/home/raz/projects/ros2_robotics_simulation/ros2_ws/install/my_robot_description:/home/raz/projects/ros2_robotics_simulation/ros2_ws/install/my_robot_bringup:/opt/ros/humble /usr/bin/cmake --install /home/raz/projects/ros2_robotics_simulation/ros2_ws/build/my_robot_bringup
