[0.011s] Invoking command in '/home/raz/projects/ros2_robotics_simulation/ros2_ws/build/my_robot_description': CMAKE_PREFIX_PATH=/opt/ros/humble /usr/bin/cmake --build /home/raz/projects/ros2_robotics_simulation/ros2_ws/build/my_robot_description -- -j12 -l12
[0.031s] -- Found ament_cmake: 1.3.10 (/opt/ros/humble/share/ament_cmake/cmake)
[0.223s] -- Configuring done
[0.225s] -- Generating done
[0.227s] -- Build files have been written to: /home/raz/projects/ros2_robotics_simulation/ros2_ws/build/my_robot_description
[0.248s] Invoked command in '/home/raz/projects/ros2_robotics_simulation/ros2_ws/build/my_robot_description' returned '0': CMAKE_PREFIX_PATH=/opt/ros/humble /usr/bin/cmake --build /home/raz/projects/ros2_robotics_simulation/ros2_ws/build/my_robot_description -- -j12 -l12
[0.272s] Invoking command in '/home/raz/projects/ros2_robotics_simulation/ros2_ws/build/my_robot_description': CMAKE_PREFIX_PATH=/opt/ros/humble /usr/bin/cmake --install /home/raz/projects/ros2_robotics_simulation/ros2_ws/build/my_robot_description
[0.279s] -- Install configuration: ""
[0.279s] -- Up-to-date: /home/raz/projects/ros2_robotics_simulation/ros2_ws/install/my_robot_description/share/my_robot_description//urdf
[0.279s] -- Up-to-date: /home/raz/projects/ros2_robotics_simulation/ros2_ws/install/my_robot_description/share/my_robot_description//urdf/my_robot.urdf
[0.279s] -- Installing: /home/raz/projects/ros2_robotics_simulation/ros2_ws/install/my_robot_description/share/my_robot_description//launch
[0.279s] -- Installing: /home/raz/projects/ros2_robotics_simulation/ros2_ws/install/my_robot_description/share/my_robot_description//launch/display.launch.xml
[0.279s] -- Up-to-date: /home/raz/projects/ros2_robotics_simulation/ros2_ws/install/my_robot_description/share/ament_index/resource_index/package_run_dependencies/my_robot_description
[0.279s] -- Up-to-date: /home/raz/projects/ros2_robotics_simulation/ros2_ws/install/my_robot_description/share/ament_index/resource_index/parent_prefix_path/my_robot_description
[0.279s] -- Up-to-date: /home/raz/projects/ros2_robotics_simulation/ros2_ws/install/my_robot_description/share/my_robot_description/environment/ament_prefix_path.sh
[0.279s] -- Installing: /home/raz/projects/ros2_robotics_simulation/ros2_ws/install/my_robot_description/share/my_robot_description/environment/ament_prefix_path.dsv
[0.279s] -- Up-to-date: /home/raz/projects/ros2_robotics_simulation/ros2_ws/install/my_robot_description/share/my_robot_description/environment/path.sh
[0.279s] -- Installing: /home/raz/projects/ros2_robotics_simulation/ros2_ws/install/my_robot_description/share/my_robot_description/environment/path.dsv
[0.279s] -- Up-to-date: /home/raz/projects/ros2_robotics_simulation/ros2_ws/install/my_robot_description/share/my_robot_description/local_setup.bash
[0.280s] -- Up-to-date: /home/raz/projects/ros2_robotics_simulation/ros2_ws/install/my_robot_description/share/my_robot_description/local_setup.sh
[0.280s] -- Up-to-date: /home/raz/projects/ros2_robotics_simulation/ros2_ws/install/my_robot_description/share/my_robot_description/local_setup.zsh
[0.280s] -- Installing: /home/raz/projects/ros2_robotics_simulation/ros2_ws/install/my_robot_description/share/my_robot_description/local_setup.dsv
[0.280s] -- Installing: /home/raz/projects/ros2_robotics_simulation/ros2_ws/install/my_robot_description/share/my_robot_description/package.dsv
[0.280s] -- Up-to-date: /home/raz/projects/ros2_robotics_simulation/ros2_ws/install/my_robot_description/share/ament_index/resource_index/packages/my_robot_description
[0.280s] -- Up-to-date: /home/raz/projects/ros2_robotics_simulation/ros2_ws/install/my_robot_description/share/my_robot_description/cmake/my_robot_descriptionConfig.cmake
[0.280s] -- Up-to-date: /home/raz/projects/ros2_robotics_simulation/ros2_ws/install/my_robot_description/share/my_robot_description/cmake/my_robot_descriptionConfig-version.cmake
[0.280s] -- Up-to-date: /home/raz/projects/ros2_robotics_simulation/ros2_ws/install/my_robot_description/share/my_robot_description/package.xml
[0.282s] Invoked command in '/home/raz/projects/ros2_robotics_simulation/ros2_ws/build/my_robot_description' returned '0': CMAKE_PREFIX_PATH=/opt/ros/humble /usr/bin/cmake --install /home/raz/projects/ros2_robotics_simulation/ros2_ws/build/my_robot_description
