[0.007s] Invoking command in '/home/raz/projects/ros2_robotics_simulation/ros2_ws/build/my_robot_description': CMAKE_PREFIX_PATH=${CMAKE_PREFIX_PATH}:/opt/ros/humble /usr/bin/cmake /home/raz/projects/ros2_robotics_simulation/ros2_ws/src/my_robot_description -DAMENT_CMAKE_SYMLINK_INSTALL=1 -DCMAKE_INSTALL_PREFIX=/home/raz/projects/ros2_robotics_simulation/ros2_ws/install/my_robot_description
[0.070s] -- Found ament_cmake: 1.3.10 (/opt/ros/humble/share/ament_cmake/cmake)
[0.178s] -- Override CMake install command with custom implementation using symlinks instead of copying resources
[0.290s] -- Configuring done
[0.293s] -- Generating done
[0.294s] -- Build files have been written to: /home/raz/projects/ros2_robotics_simulation/ros2_ws/build/my_robot_description
[0.296s] Invoked command in '/home/raz/projects/ros2_robotics_simulation/ros2_ws/build/my_robot_description' returned '0': CMAKE_PREFIX_PATH=${CMAKE_PREFIX_PATH}:/opt/ros/humble /usr/bin/cmake /home/raz/projects/ros2_robotics_simulation/ros2_ws/src/my_robot_description -DAMENT_CMAKE_SYMLINK_INSTALL=1 -DCMAKE_INSTALL_PREFIX=/home/raz/projects/ros2_robotics_simulation/ros2_ws/install/my_robot_description
[0.297s] Invoking command in '/home/raz/projects/ros2_robotics_simulation/ros2_ws/build/my_robot_description': CMAKE_PREFIX_PATH=${CMAKE_PREFIX_PATH}:/opt/ros/humble /usr/bin/cmake --build /home/raz/projects/ros2_robotics_simulation/ros2_ws/build/my_robot_description -- -j12 -l12
[0.320s] Invoked command in '/home/raz/projects/ros2_robotics_simulation/ros2_ws/build/my_robot_description' returned '0': CMAKE_PREFIX_PATH=${CMAKE_PREFIX_PATH}:/opt/ros/humble /usr/bin/cmake --build /home/raz/projects/ros2_robotics_simulation/ros2_ws/build/my_robot_description -- -j12 -l12
[0.340s] Invoking command in '/home/raz/projects/ros2_robotics_simulation/ros2_ws/build/my_robot_description': CMAKE_PREFIX_PATH=${CMAKE_PREFIX_PATH}:/opt/ros/humble /usr/bin/cmake --install /home/raz/projects/ros2_robotics_simulation/ros2_ws/build/my_robot_description
[0.344s] -- Install configuration: ""
[0.345s] -- Execute custom install script
[0.345s] -- Symlinking: /home/raz/projects/ros2_robotics_simulation/ros2_ws/install/my_robot_description/share/my_robot_description//urdf/my_robot.urdf.xacro
[0.350s] -- Symlinking: /home/raz/projects/ros2_robotics_simulation/ros2_ws/install/my_robot_description/share/my_robot_description//launch/display.launch.py
[0.356s] -- Symlinking: /home/raz/projects/ros2_robotics_simulation/ros2_ws/install/my_robot_description/share/my_robot_description//launch/display.launch.xml
[0.361s] -- Symlinking: /home/raz/projects/ros2_robotics_simulation/ros2_ws/install/my_robot_description/share/my_robot_description//rviz/urdf_config.rviz
[0.366s] -- Symlinking: /home/raz/projects/ros2_robotics_simulation/ros2_ws/install/my_robot_description/share/ament_index/resource_index/package_run_dependencies/my_robot_description
[0.371s] -- Symlinking: /home/raz/projects/ros2_robotics_simulation/ros2_ws/install/my_robot_description/share/ament_index/resource_index/parent_prefix_path/my_robot_description
[0.376s] -- Symlinking: /home/raz/projects/ros2_robotics_simulation/ros2_ws/install/my_robot_description/share/my_robot_description/environment/ament_prefix_path.sh
[0.382s] -- Symlinking: /home/raz/projects/ros2_robotics_simulation/ros2_ws/install/my_robot_description/share/my_robot_description/environment/ament_prefix_path.dsv
[0.388s] -- Symlinking: /home/raz/projects/ros2_robotics_simulation/ros2_ws/install/my_robot_description/share/my_robot_description/environment/path.sh
[0.393s] -- Symlinking: /home/raz/projects/ros2_robotics_simulation/ros2_ws/install/my_robot_description/share/my_robot_description/environment/path.dsv
[0.398s] -- Symlinking: /home/raz/projects/ros2_robotics_simulation/ros2_ws/install/my_robot_description/share/my_robot_description/local_setup.bash
[0.404s] -- Symlinking: /home/raz/projects/ros2_robotics_simulation/ros2_ws/install/my_robot_description/share/my_robot_description/local_setup.sh
[0.409s] -- Symlinking: /home/raz/projects/ros2_robotics_simulation/ros2_ws/install/my_robot_description/share/my_robot_description/local_setup.zsh
[0.414s] -- Symlinking: /home/raz/projects/ros2_robotics_simulation/ros2_ws/install/my_robot_description/share/my_robot_description/local_setup.dsv
[0.419s] -- Symlinking: /home/raz/projects/ros2_robotics_simulation/ros2_ws/install/my_robot_description/share/my_robot_description/package.dsv
[0.424s] -- Symlinking: /home/raz/projects/ros2_robotics_simulation/ros2_ws/install/my_robot_description/share/ament_index/resource_index/packages/my_robot_description
[0.430s] -- Symlinking: /home/raz/projects/ros2_robotics_simulation/ros2_ws/install/my_robot_description/share/my_robot_description/cmake/my_robot_descriptionConfig.cmake
[0.436s] -- Symlinking: /home/raz/projects/ros2_robotics_simulation/ros2_ws/install/my_robot_description/share/my_robot_description/cmake/my_robot_descriptionConfig-version.cmake
[0.441s] -- Symlinking: /home/raz/projects/ros2_robotics_simulation/ros2_ws/install/my_robot_description/share/my_robot_description/package.xml
[0.447s] Invoked command in '/home/raz/projects/ros2_robotics_simulation/ros2_ws/build/my_robot_description' returned '0': CMAKE_PREFIX_PATH=${CMAKE_PREFIX_PATH}:/opt/ros/humble /usr/bin/cmake --install /home/raz/projects/ros2_robotics_simulation/ros2_ws/build/my_robot_description
