[0.007s] Invoking command in '/home/raz/projects/ros2_robotics_simulation/ros2_ws/src/build/my_robot_description': CMAKE_PREFIX_PATH=${CMAKE_PREFIX_PATH}:/opt/ros/humble /usr/bin/cmake /home/raz/projects/ros2_robotics_simulation/ros2_ws/src/my_robot_description -DAMENT_CMAKE_SYMLINK_INSTALL=1 -DCMAKE_INSTALL_PREFIX=/home/raz/projects/ros2_robotics_simulation/ros2_ws/src/install/my_robot_description
[2.052s] -- The C compiler identification is GNU 11.4.0
[2.910s] -- The CXX compiler identification is GNU 11.4.0
[2.948s] -- Detecting C compiler ABI info
[3.228s] -- Detecting C compiler ABI info - done
[3.237s] -- Check for working C compiler: /usr/bin/cc - skipped
[3.237s] -- Detecting C compile features
[3.262s] -- Detecting C compile features - done
[3.278s] -- Detecting CXX compiler ABI info
[3.504s] -- Detecting CXX compiler ABI info - done
[3.510s] -- Check for working CXX compiler: /usr/bin/c++ - skipped
[3.510s] -- Detecting CXX compile features
[3.510s] -- Detecting CXX compile features - done
[3.586s] -- Found ament_cmake: 1.3.10 (/opt/ros/humble/share/ament_cmake/cmake)
[3.888s] -- Found Python3: /usr/bin/python3 (found version "3.10.12") found components: Interpreter 
[3.934s] -- Override CMake install command with custom implementation using symlinks instead of copying resources
[4.065s] -- Configuring done
[4.067s] -- Generating done
[4.068s] -- Build files have been written to: /home/raz/projects/ros2_robotics_simulation/ros2_ws/src/build/my_robot_description
[4.070s] Invoked command in '/home/raz/projects/ros2_robotics_simulation/ros2_ws/src/build/my_robot_description' returned '0': CMAKE_PREFIX_PATH=${CMAKE_PREFIX_PATH}:/opt/ros/humble /usr/bin/cmake /home/raz/projects/ros2_robotics_simulation/ros2_ws/src/my_robot_description -DAMENT_CMAKE_SYMLINK_INSTALL=1 -DCMAKE_INSTALL_PREFIX=/home/raz/projects/ros2_robotics_simulation/ros2_ws/src/install/my_robot_description
[4.071s] Invoking command in '/home/raz/projects/ros2_robotics_simulation/ros2_ws/src/build/my_robot_description': CMAKE_PREFIX_PATH=${CMAKE_PREFIX_PATH}:/opt/ros/humble /usr/bin/cmake --build /home/raz/projects/ros2_robotics_simulation/ros2_ws/src/build/my_robot_description -- -j12 -l12
[4.095s] Invoked command in '/home/raz/projects/ros2_robotics_simulation/ros2_ws/src/build/my_robot_description' returned '0': CMAKE_PREFIX_PATH=${CMAKE_PREFIX_PATH}:/opt/ros/humble /usr/bin/cmake --build /home/raz/projects/ros2_robotics_simulation/ros2_ws/src/build/my_robot_description -- -j12 -l12
[4.114s] Invoking command in '/home/raz/projects/ros2_robotics_simulation/ros2_ws/src/build/my_robot_description': CMAKE_PREFIX_PATH=${CMAKE_PREFIX_PATH}:/opt/ros/humble /usr/bin/cmake --install /home/raz/projects/ros2_robotics_simulation/ros2_ws/src/build/my_robot_description
[4.118s] -- Install configuration: ""
[4.119s] -- Execute custom install script
[4.119s] -- Symlinking: /home/raz/projects/ros2_robotics_simulation/ros2_ws/src/install/my_robot_description/share/my_robot_description//urdf/common_properties.xacro
[4.124s] -- Symlinking: /home/raz/projects/ros2_robotics_simulation/ros2_ws/src/install/my_robot_description/share/my_robot_description//urdf/mobile_base.xacro
[4.130s] -- Symlinking: /home/raz/projects/ros2_robotics_simulation/ros2_ws/src/install/my_robot_description/share/my_robot_description//urdf/my_robot.urdf.xacro
[4.136s] -- Symlinking: /home/raz/projects/ros2_robotics_simulation/ros2_ws/src/install/my_robot_description/share/my_robot_description//launch/display.launch.py
[4.142s] -- Symlinking: /home/raz/projects/ros2_robotics_simulation/ros2_ws/src/install/my_robot_description/share/my_robot_description//launch/display.launch.xml
[4.148s] -- Symlinking: /home/raz/projects/ros2_robotics_simulation/ros2_ws/src/install/my_robot_description/share/my_robot_description//rviz/urdf_config.rviz
[4.155s] -- Symlinking: /home/raz/projects/ros2_robotics_simulation/ros2_ws/src/install/my_robot_description/share/my_robot_description//meshes/README.txt
[4.160s] -- Symlinking: /home/raz/projects/ros2_robotics_simulation/ros2_ws/src/install/my_robot_description/share/ament_index/resource_index/package_run_dependencies/my_robot_description
[4.166s] -- Symlinking: /home/raz/projects/ros2_robotics_simulation/ros2_ws/src/install/my_robot_description/share/ament_index/resource_index/parent_prefix_path/my_robot_description
[4.174s] -- Symlinking: /home/raz/projects/ros2_robotics_simulation/ros2_ws/src/install/my_robot_description/share/my_robot_description/environment/ament_prefix_path.sh
[4.180s] -- Symlinking: /home/raz/projects/ros2_robotics_simulation/ros2_ws/src/install/my_robot_description/share/my_robot_description/environment/ament_prefix_path.dsv
[4.185s] -- Symlinking: /home/raz/projects/ros2_robotics_simulation/ros2_ws/src/install/my_robot_description/share/my_robot_description/environment/path.sh
[4.191s] -- Symlinking: /home/raz/projects/ros2_robotics_simulation/ros2_ws/src/install/my_robot_description/share/my_robot_description/environment/path.dsv
[4.197s] -- Symlinking: /home/raz/projects/ros2_robotics_simulation/ros2_ws/src/install/my_robot_description/share/my_robot_description/local_setup.bash
[4.202s] -- Symlinking: /home/raz/projects/ros2_robotics_simulation/ros2_ws/src/install/my_robot_description/share/my_robot_description/local_setup.sh
[4.208s] -- Symlinking: /home/raz/projects/ros2_robotics_simulation/ros2_ws/src/install/my_robot_description/share/my_robot_description/local_setup.zsh
[4.214s] -- Symlinking: /home/raz/projects/ros2_robotics_simulation/ros2_ws/src/install/my_robot_description/share/my_robot_description/local_setup.dsv
[4.220s] -- Symlinking: /home/raz/projects/ros2_robotics_simulation/ros2_ws/src/install/my_robot_description/share/my_robot_description/package.dsv
[4.226s] -- Symlinking: /home/raz/projects/ros2_robotics_simulation/ros2_ws/src/install/my_robot_description/share/ament_index/resource_index/packages/my_robot_description
[4.232s] -- Symlinking: /home/raz/projects/ros2_robotics_simulation/ros2_ws/src/install/my_robot_description/share/my_robot_description/cmake/my_robot_descriptionConfig.cmake
[4.238s] -- Symlinking: /home/raz/projects/ros2_robotics_simulation/ros2_ws/src/install/my_robot_description/share/my_robot_description/cmake/my_robot_descriptionConfig-version.cmake
[4.244s] -- Symlinking: /home/raz/projects/ros2_robotics_simulation/ros2_ws/src/install/my_robot_description/share/my_robot_description/package.xml
[4.252s] Invoked command in '/home/raz/projects/ros2_robotics_simulation/ros2_ws/src/build/my_robot_description' returned '0': CMAKE_PREFIX_PATH=${CMAKE_PREFIX_PATH}:/opt/ros/humble /usr/bin/cmake --install /home/raz/projects/ros2_robotics_simulation/ros2_ws/src/build/my_robot_description
