[0.008s] Invoking command in '/home/raz/projects/ros2_robotics_simulation/ros2_ws/build/my_robot_description': CMAKE_PREFIX_PATH=${CMAKE_PREFIX_PATH}:/opt/ros/humble /usr/bin/cmake --build /home/raz/projects/ros2_robotics_simulation/ros2_ws/build/my_robot_description -- -j12 -l12
[0.032s] Invoked command in '/home/raz/projects/ros2_robotics_simulation/ros2_ws/build/my_robot_description' returned '0': CMAKE_PREFIX_PATH=${CMAKE_PREFIX_PATH}:/opt/ros/humble /usr/bin/cmake --build /home/raz/projects/ros2_robotics_simulation/ros2_ws/build/my_robot_description -- -j12 -l12
[0.050s] Invoking command in '/home/raz/projects/ros2_robotics_simulation/ros2_ws/build/my_robot_description': CMAKE_PREFIX_PATH=${CMAKE_PREFIX_PATH}:/opt/ros/humble /usr/bin/cmake --install /home/raz/projects/ros2_robotics_simulation/ros2_ws/build/my_robot_description
[0.055s] -- Install configuration: ""
[0.055s] -- Execute custom install script
[0.055s] -- Up-to-date symlink: /home/raz/projects/ros2_robotics_simulation/ros2_ws/install/my_robot_description/share/my_robot_description//urdf/my_robot.urdf.xacro
[0.056s] -- Up-to-date symlink: /home/raz/projects/ros2_robotics_simulation/ros2_ws/install/my_robot_description/share/my_robot_description//launch/display.launch.py
[0.056s] -- Up-to-date symlink: /home/raz/projects/ros2_robotics_simulation/ros2_ws/install/my_robot_description/share/my_robot_description//launch/display.launch.xml
[0.056s] -- Up-to-date symlink: /home/raz/projects/ros2_robotics_simulation/ros2_ws/install/my_robot_description/share/my_robot_description//rviz/urdf_config.rviz
[0.056s] -- Up-to-date symlink: /home/raz/projects/ros2_robotics_simulation/ros2_ws/install/my_robot_description/share/ament_index/resource_index/package_run_dependencies/my_robot_description
[0.056s] -- Up-to-date symlink: /home/raz/projects/ros2_robotics_simulation/ros2_ws/install/my_robot_description/share/ament_index/resource_index/parent_prefix_path/my_robot_description
[0.056s] -- Up-to-date symlink: /home/raz/projects/ros2_robotics_simulation/ros2_ws/install/my_robot_description/share/my_robot_description/environment/ament_prefix_path.sh
[0.056s] -- Up-to-date symlink: /home/raz/projects/ros2_robotics_simulation/ros2_ws/install/my_robot_description/share/my_robot_description/environment/ament_prefix_path.dsv
[0.056s] -- Up-to-date symlink: /home/raz/projects/ros2_robotics_simulation/ros2_ws/install/my_robot_description/share/my_robot_description/environment/path.sh
[0.057s] -- Up-to-date symlink: /home/raz/projects/ros2_robotics_simulation/ros2_ws/install/my_robot_description/share/my_robot_description/environment/path.dsv
[0.057s] -- Up-to-date symlink: /home/raz/projects/ros2_robotics_simulation/ros2_ws/install/my_robot_description/share/my_robot_description/local_setup.bash
[0.057s] -- Up-to-date symlink: /home/raz/projects/ros2_robotics_simulation/ros2_ws/install/my_robot_description/share/my_robot_description/local_setup.sh
[0.057s] -- Up-to-date symlink: /home/raz/projects/ros2_robotics_simulation/ros2_ws/install/my_robot_description/share/my_robot_description/local_setup.zsh
[0.057s] -- Up-to-date symlink: /home/raz/projects/ros2_robotics_simulation/ros2_ws/install/my_robot_description/share/my_robot_description/local_setup.dsv
[0.057s] -- Symlinking: /home/raz/projects/ros2_robotics_simulation/ros2_ws/install/my_robot_description/share/my_robot_description/package.dsv
[0.063s] -- Up-to-date symlink: /home/raz/projects/ros2_robotics_simulation/ros2_ws/install/my_robot_description/share/ament_index/resource_index/packages/my_robot_description
[0.063s] -- Up-to-date symlink: /home/raz/projects/ros2_robotics_simulation/ros2_ws/install/my_robot_description/share/my_robot_description/cmake/my_robot_descriptionConfig.cmake
[0.063s] -- Up-to-date symlink: /home/raz/projects/ros2_robotics_simulation/ros2_ws/install/my_robot_description/share/my_robot_description/cmake/my_robot_descriptionConfig-version.cmake
[0.063s] -- Up-to-date symlink: /home/raz/projects/ros2_robotics_simulation/ros2_ws/install/my_robot_description/share/my_robot_description/package.xml
[0.064s] Invoked command in '/home/raz/projects/ros2_robotics_simulation/ros2_ws/build/my_robot_description' returned '0': CMAKE_PREFIX_PATH=${CMAKE_PREFIX_PATH}:/opt/ros/humble /usr/bin/cmake --install /home/raz/projects/ros2_robotics_simulation/ros2_ws/build/my_robot_description
