[0.058s] Invoking command in '/home/raz/projects/ros2_robotics_simulation/ros2_ws/build/my_robot_bringup': CMAKE_PREFIX_PATH=/home/raz/projects/ros2_robotics_simulation/ros2_ws/install/my_robot_description:/home/raz/projects/ros2_robotics_simulation/ros2_ws/install/my_robot_bringup:/opt/ros/humble /usr/bin/cmake --build /home/raz/projects/ros2_robotics_simulation/ros2_ws/build/my_robot_bringup -- -j12 -l12
[0.149s] Invoked command in '/home/raz/projects/ros2_robotics_simulation/ros2_ws/build/my_robot_bringup' returned '0': CMAKE_PREFIX_PATH=/home/raz/projects/ros2_robotics_simulation/ros2_ws/install/my_robot_description:/home/raz/projects/ros2_robotics_simulation/ros2_ws/install/my_robot_bringup:/opt/ros/humble /usr/bin/cmake --build /home/raz/projects/ros2_robotics_simulation/ros2_ws/build/my_robot_bringup -- -j12 -l12
[0.165s] Invoking command in '/home/raz/projects/ros2_robotics_simulation/ros2_ws/build/my_robot_bringup': CMAKE_PREFIX_PATH=/home/raz/projects/ros2_robotics_simulation/ros2_ws/install/my_robot_description:/home/raz/projects/ros2_robotics_simulation/ros2_ws/install/my_robot_bringup:/opt/ros/humble /usr/bin/cmake --install /home/raz/projects/ros2_robotics_simulation/ros2_ws/build/my_robot_bringup
[0.180s] -- Install configuration: ""
[0.202s] -- Execute custom install script
[0.203s] -- Up-to-date symlink: /home/raz/projects/ros2_robotics_simulation/ros2_ws/install/my_robot_bringup/share/my_robot_bringup//launch/my_robot_gazebo.launch.xml
[0.204s] -- Up-to-date symlink: /home/raz/projects/ros2_robotics_simulation/ros2_ws/install/my_robot_bringup/share/my_robot_bringup//rviz/urdf_config.rviz
[0.205s] -- Up-to-date symlink: /home/raz/projects/ros2_robotics_simulation/ros2_ws/install/my_robot_bringup/share/ament_index/resource_index/package_run_dependencies/my_robot_bringup
[0.218s] -- Up-to-date symlink: /home/raz/projects/ros2_robotics_simulation/ros2_ws/install/my_robot_bringup/share/ament_index/resource_index/parent_prefix_path/my_robot_bringup
[0.218s] -- Up-to-date symlink: /home/raz/projects/ros2_robotics_simulation/ros2_ws/install/my_robot_bringup/share/my_robot_bringup/environment/ament_prefix_path.sh
[0.219s] -- Up-to-date symlink: /home/raz/projects/ros2_robotics_simulation/ros2_ws/install/my_robot_bringup/share/my_robot_bringup/environment/ament_prefix_path.dsv
[0.220s] -- Up-to-date symlink: /home/raz/projects/ros2_robotics_simulation/ros2_ws/install/my_robot_bringup/share/my_robot_bringup/environment/path.sh
[0.220s] -- Up-to-date symlink: /home/raz/projects/ros2_robotics_simulation/ros2_ws/install/my_robot_bringup/share/my_robot_bringup/environment/path.dsv
[0.221s] -- Up-to-date symlink: /home/raz/projects/ros2_robotics_simulation/ros2_ws/install/my_robot_bringup/share/my_robot_bringup/local_setup.bash
[0.221s] -- Up-to-date symlink: /home/raz/projects/ros2_robotics_simulation/ros2_ws/install/my_robot_bringup/share/my_robot_bringup/local_setup.sh
[0.222s] -- Up-to-date symlink: /home/raz/projects/ros2_robotics_simulation/ros2_ws/install/my_robot_bringup/share/my_robot_bringup/local_setup.zsh
[0.222s] -- Up-to-date symlink: /home/raz/projects/ros2_robotics_simulation/ros2_ws/install/my_robot_bringup/share/my_robot_bringup/local_setup.dsv
[0.223s] -- Symlinking: /home/raz/projects/ros2_robotics_simulation/ros2_ws/install/my_robot_bringup/share/my_robot_bringup/package.dsv
[0.247s] -- Up-to-date symlink: /home/raz/projects/ros2_robotics_simulation/ros2_ws/install/my_robot_bringup/share/ament_index/resource_index/packages/my_robot_bringup
[0.248s] -- Up-to-date symlink: /home/raz/projects/ros2_robotics_simulation/ros2_ws/install/my_robot_bringup/share/my_robot_bringup/cmake/my_robot_bringupConfig.cmake
[0.248s] -- Up-to-date symlink: /home/raz/projects/ros2_robotics_simulation/ros2_ws/install/my_robot_bringup/share/my_robot_bringup/cmake/my_robot_bringupConfig-version.cmake
[0.249s] -- Up-to-date symlink: /home/raz/projects/ros2_robotics_simulation/ros2_ws/install/my_robot_bringup/share/my_robot_bringup/package.xml
[0.254s] Invoked command in '/home/raz/projects/ros2_robotics_simulation/ros2_ws/build/my_robot_bringup' returned '0': CMAKE_PREFIX_PATH=/home/raz/projects/ros2_robotics_simulation/ros2_ws/install/my_robot_description:/home/raz/projects/ros2_robotics_simulation/ros2_ws/install/my_robot_bringup:/opt/ros/humble /usr/bin/cmake --install /home/raz/projects/ros2_robotics_simulation/ros2_ws/build/my_robot_bringup
