[0.005s] Invoking command in '/home/raz/projects/ros2_robotics_simulation/ros2_ws/build/my_robot_bringup': CMAKE_PREFIX_PATH=/home/raz/projects/ros2_robotics_simulation/ros2_ws/install/my_robot_description:/home/raz/projects/ros2_robotics_simulation/ros2_ws/install/my_robot_bringup:/opt/ros/humble /usr/bin/cmake --build /home/raz/projects/ros2_robotics_simulation/ros2_ws/build/my_robot_bringup -- -j12 -l12
[0.022s] -- Found ament_cmake: 1.3.10 (/opt/ros/humble/share/ament_cmake/cmake)
[0.109s] -- Override CMake install command with custom implementation using symlinks instead of copying resources
[0.163s] -- Configuring done
[0.165s] -- Generating done
[0.166s] -- Build files have been written to: /home/raz/projects/ros2_robotics_simulation/ros2_ws/build/my_robot_bringup
[0.179s] Invoked command in '/home/raz/projects/ros2_robotics_simulation/ros2_ws/build/my_robot_bringup' returned '0': CMAKE_PREFIX_PATH=/home/raz/projects/ros2_robotics_simulation/ros2_ws/install/my_robot_description:/home/raz/projects/ros2_robotics_simulation/ros2_ws/install/my_robot_bringup:/opt/ros/humble /usr/bin/cmake --build /home/raz/projects/ros2_robotics_simulation/ros2_ws/build/my_robot_bringup -- -j12 -l12
[0.193s] Invoking command in '/home/raz/projects/ros2_robotics_simulation/ros2_ws/build/my_robot_bringup': CMAKE_PREFIX_PATH=/home/raz/projects/ros2_robotics_simulation/ros2_ws/install/my_robot_description:/home/raz/projects/ros2_robotics_simulation/ros2_ws/install/my_robot_bringup:/opt/ros/humble /usr/bin/cmake --install /home/raz/projects/ros2_robotics_simulation/ros2_ws/build/my_robot_bringup
[0.198s] -- Install configuration: ""
[0.198s] -- Execute custom install script
[0.198s] -- Up-to-date symlink: /home/raz/projects/ros2_robotics_simulation/ros2_ws/install/my_robot_bringup/share/my_robot_bringup//launch/my_robot_gazebo.launch.xml
[0.198s] -- Symlinking: /home/raz/projects/ros2_robotics_simulation/ros2_ws/install/my_robot_bringup/share/my_robot_bringup//rviz/urdf_config.rviz
[0.204s] -- Up-to-date symlink: /home/raz/projects/ros2_robotics_simulation/ros2_ws/install/my_robot_bringup/share/ament_index/resource_index/package_run_dependencies/my_robot_bringup
[0.204s] -- Up-to-date symlink: /home/raz/projects/ros2_robotics_simulation/ros2_ws/install/my_robot_bringup/share/ament_index/resource_index/parent_prefix_path/my_robot_bringup
[0.204s] -- Up-to-date symlink: /home/raz/projects/ros2_robotics_simulation/ros2_ws/install/my_robot_bringup/share/my_robot_bringup/environment/ament_prefix_path.sh
[0.204s] -- Up-to-date symlink: /home/raz/projects/ros2_robotics_simulation/ros2_ws/install/my_robot_bringup/share/my_robot_bringup/environment/ament_prefix_path.dsv
[0.205s] -- Up-to-date symlink: /home/raz/projects/ros2_robotics_simulation/ros2_ws/install/my_robot_bringup/share/my_robot_bringup/environment/path.sh
[0.205s] -- Up-to-date symlink: /home/raz/projects/ros2_robotics_simulation/ros2_ws/install/my_robot_bringup/share/my_robot_bringup/environment/path.dsv
[0.205s] -- Up-to-date symlink: /home/raz/projects/ros2_robotics_simulation/ros2_ws/install/my_robot_bringup/share/my_robot_bringup/local_setup.bash
[0.205s] -- Up-to-date symlink: /home/raz/projects/ros2_robotics_simulation/ros2_ws/install/my_robot_bringup/share/my_robot_bringup/local_setup.sh
[0.205s] -- Up-to-date symlink: /home/raz/projects/ros2_robotics_simulation/ros2_ws/install/my_robot_bringup/share/my_robot_bringup/local_setup.zsh
[0.205s] -- Up-to-date symlink: /home/raz/projects/ros2_robotics_simulation/ros2_ws/install/my_robot_bringup/share/my_robot_bringup/local_setup.dsv
[0.205s] -- Symlinking: /home/raz/projects/ros2_robotics_simulation/ros2_ws/install/my_robot_bringup/share/my_robot_bringup/package.dsv
[0.211s] -- Up-to-date symlink: /home/raz/projects/ros2_robotics_simulation/ros2_ws/install/my_robot_bringup/share/ament_index/resource_index/packages/my_robot_bringup
[0.211s] -- Up-to-date symlink: /home/raz/projects/ros2_robotics_simulation/ros2_ws/install/my_robot_bringup/share/my_robot_bringup/cmake/my_robot_bringupConfig.cmake
[0.211s] -- Up-to-date symlink: /home/raz/projects/ros2_robotics_simulation/ros2_ws/install/my_robot_bringup/share/my_robot_bringup/cmake/my_robot_bringupConfig-version.cmake
[0.211s] -- Up-to-date symlink: /home/raz/projects/ros2_robotics_simulation/ros2_ws/install/my_robot_bringup/share/my_robot_bringup/package.xml
[0.213s] Invoked command in '/home/raz/projects/ros2_robotics_simulation/ros2_ws/build/my_robot_bringup' returned '0': CMAKE_PREFIX_PATH=/home/raz/projects/ros2_robotics_simulation/ros2_ws/install/my_robot_description:/home/raz/projects/ros2_robotics_simulation/ros2_ws/install/my_robot_bringup:/opt/ros/humble /usr/bin/cmake --install /home/raz/projects/ros2_robotics_simulation/ros2_ws/build/my_robot_bringup
